[DEBUG][2022-11-29 22:04:18] Action KP\SOLID\Adapter\Page\SignUpPageAction sent to controller 
[DEBUG][2022-11-29 22:04:18] Use case input created in  use case input factory from action KP\SOLID\Adapter\Page\SignUpPageAction is KP\SOLID\UseCase\Page\SignUpPageUseCaseInput
[DEBUG][2022-11-29 22:06:17] Action KP\SOLID\Adapter\Core\SignUpAction email = zika, password = , repeated password =  sent to controller 
[DEBUG][2022-11-29 22:06:17] Use case input created in  use case input factory from action KP\SOLID\Adapter\Core\SignUpAction email = zika, password = , repeated password =  is KP\SOLID\UseCase\Core\SignUpUseCaseInput
[ERROR][2022-11-29 22:06:17] Sign up: email zika is not in valid format
[DEBUG][2022-11-29 22:06:17] DummyMailValidator->validate() call. Performs validation for email zika. Endpoint = https://minfraud.maxmind.com/minfraud/v2.0/score/email/address, method = POST, header Content-Type = application/json, header Authentication: Basic a3A6a3A=, body = {"address": "zika", "domain": ""}
[ERROR][2022-11-29 22:06:17] Sign up: password is not in valid format
[ERROR][2022-11-29 22:06:17] Sign up: repeated password is not in valid format
[DEBUG][2022-11-29 22:06:21] Action KP\SOLID\Adapter\Core\SignUpAction email = zika.zikic@example.loc, password = , repeated password =  sent to controller 
[DEBUG][2022-11-29 22:06:21] Use case input created in  use case input factory from action KP\SOLID\Adapter\Core\SignUpAction email = zika.zikic@example.loc, password = , repeated password =  is KP\SOLID\UseCase\Core\SignUpUseCaseInput
[DEBUG][2022-11-29 22:06:21] DummyMailValidator->validate() call. Performs validation for email zika.zikic@example.loc. Endpoint = https://minfraud.maxmind.com/minfraud/v2.0/score/email/address, method = POST, header Content-Type = application/json, header Authentication: Basic a3A6a3A=, body = {"address": "zika.zikic@example.loc", "domain": "example.loc"}
[ERROR][2022-11-29 22:06:21] Sign up: password is not in valid format
[ERROR][2022-11-29 22:06:21] Sign up: repeated password is not in valid format
[DEBUG][2022-11-29 22:06:26] Action KP\SOLID\Adapter\Core\SignUpAction email = zika.zikic@example.loc, password = 12345678, repeated password =  sent to controller 
[DEBUG][2022-11-29 22:06:26] Use case input created in  use case input factory from action KP\SOLID\Adapter\Core\SignUpAction email = zika.zikic@example.loc, password = 12345678, repeated password =  is KP\SOLID\UseCase\Core\SignUpUseCaseInput
[DEBUG][2022-11-29 22:06:26] DummyMailValidator->validate() call. Performs validation for email zika.zikic@example.loc. Endpoint = https://minfraud.maxmind.com/minfraud/v2.0/score/email/address, method = POST, header Content-Type = application/json, header Authentication: Basic a3A6a3A=, body = {"address": "zika.zikic@example.loc", "domain": "example.loc"}
[ERROR][2022-11-29 22:06:26] Sign up: passwords do not match
[ERROR][2022-11-29 22:06:26] Sign up: repeated password is not in valid format
[DEBUG][2022-11-29 22:06:37] Action KP\SOLID\Adapter\Core\SignUpAction email = zika.zikic@example.loc, password = 12345678, repeated password = 123456789 sent to controller 
[DEBUG][2022-11-29 22:06:37] Use case input created in  use case input factory from action KP\SOLID\Adapter\Core\SignUpAction email = zika.zikic@example.loc, password = 12345678, repeated password = 123456789 is KP\SOLID\UseCase\Core\SignUpUseCaseInput
[DEBUG][2022-11-29 22:06:37] DummyMailValidator->validate() call. Performs validation for email zika.zikic@example.loc. Endpoint = https://minfraud.maxmind.com/minfraud/v2.0/score/email/address, method = POST, header Content-Type = application/json, header Authentication: Basic a3A6a3A=, body = {"address": "zika.zikic@example.loc", "domain": "example.loc"}
[ERROR][2022-11-29 22:06:37] Sign up: passwords do not match
[DEBUG][2022-11-29 22:06:45] Action KP\SOLID\Adapter\Core\SignUpAction email = zika.zikic@example.loc, password = 12345678, repeated password = 12345678 sent to controller 
[DEBUG][2022-11-29 22:06:45] Use case input created in  use case input factory from action KP\SOLID\Adapter\Core\SignUpAction email = zika.zikic@example.loc, password = 12345678, repeated password = 12345678 is KP\SOLID\UseCase\Core\SignUpUseCaseInput
[DEBUG][2022-11-29 22:06:45] DummyMailValidator->validate() call. Performs validation for email zika.zikic@example.loc. Endpoint = https://minfraud.maxmind.com/minfraud/v2.0/score/email/address, method = POST, header Content-Type = application/json, header Authentication: Basic a3A6a3A=, body = {"address": "zika.zikic@example.loc", "domain": "example.loc"}
[DEBUG][2022-11-29 22:06:45] DummyMailer->send() call. Example of 'mail' function call: mail('zika.zikic@example.loc', 'Dobro dosli', 'Dobro dosli na nas sajt. Potrebno je samo da potvrdite email adresu ...', ['From' => 'adm@kupujemprodajem.com'])
[ERROR][2022-11-29 22:07:15] invalid JSON request
[ERROR][2022-11-29 22:07:15] Stack trace:
#0 C:\wamp64\www\solid\src\Infra\App\App.php(28): KP\SOLID\Infra\App\HttpJsonApiRequestActionLoader->create()
#1 C:\wamp64\www\solid\src\json.php(21): KP\SOLID\Infra\App\App->execute()
#2 C:\wamp64\www\solid\index.php(4): require_once('C:\\wamp64\\www\\s...')
#3 {main}
[DEBUG][2022-11-29 22:07:45] Action KP\SOLID\Adapter\Core\SignUpAction email = zika.zikic, password = , repeated password =  sent to controller 
[DEBUG][2022-11-29 22:07:45] Use case input created in  use case input factory from action KP\SOLID\Adapter\Core\SignUpAction email = zika.zikic, password = , repeated password =  is KP\SOLID\UseCase\Core\SignUpUseCaseInput
[ERROR][2022-11-29 22:07:45] Sign up: email zika.zikic is not in valid format
[DEBUG][2022-11-29 22:07:45] DummyMailValidator->validate() call. Performs validation for email zika.zikic. Endpoint = https://minfraud.maxmind.com/minfraud/v2.0/score/email/address, method = POST, header Content-Type = application/json, header Authentication: Basic a3A6a3A=, body = {"address": "zika.zikic", "domain": ""}
[ERROR][2022-11-29 22:07:45] Sign up: password is not in valid format
[ERROR][2022-11-29 22:07:45] Sign up: repeated password is not in valid format
[DEBUG][2022-11-29 22:07:54] Action KP\SOLID\Adapter\Core\SignUpAction email = zika.zikic@example.loc, password = , repeated password =  sent to controller 
[DEBUG][2022-11-29 22:07:54] Use case input created in  use case input factory from action KP\SOLID\Adapter\Core\SignUpAction email = zika.zikic@example.loc, password = , repeated password =  is KP\SOLID\UseCase\Core\SignUpUseCaseInput
[DEBUG][2022-11-29 22:07:54] DummyMailValidator->validate() call. Performs validation for email zika.zikic@example.loc. Endpoint = https://minfraud.maxmind.com/minfraud/v2.0/score/email/address, method = POST, header Content-Type = application/json, header Authentication: Basic a3A6a3A=, body = {"address": "zika.zikic@example.loc", "domain": "example.loc"}
[ERROR][2022-11-29 22:07:54] Sign up: password is not in valid format
[ERROR][2022-11-29 22:07:54] Sign up: repeated password is not in valid format
[DEBUG][2022-11-29 22:08:41] Action KP\SOLID\Adapter\Core\SignUpAction email = zika.zikic@example.loc, password = 12345, repeated password =  sent to controller 
[DEBUG][2022-11-29 22:08:41] Use case input created in  use case input factory from action KP\SOLID\Adapter\Core\SignUpAction email = zika.zikic@example.loc, password = 12345, repeated password =  is KP\SOLID\UseCase\Core\SignUpUseCaseInput
[DEBUG][2022-11-29 22:08:41] DummyMailValidator->validate() call. Performs validation for email zika.zikic@example.loc. Endpoint = https://minfraud.maxmind.com/minfraud/v2.0/score/email/address, method = POST, header Content-Type = application/json, header Authentication: Basic a3A6a3A=, body = {"address": "zika.zikic@example.loc", "domain": "example.loc"}
[ERROR][2022-11-29 22:08:41] Sign up: passwords do not match
[ERROR][2022-11-29 22:08:41] Sign up: password is not in valid format
[ERROR][2022-11-29 22:08:41] Sign up: repeated password is not in valid format
[DEBUG][2022-11-29 22:08:46] Action KP\SOLID\Adapter\Core\SignUpAction email = zika.zikic@example.loc, password = 12345678, repeated password =  sent to controller 
[DEBUG][2022-11-29 22:08:46] Use case input created in  use case input factory from action KP\SOLID\Adapter\Core\SignUpAction email = zika.zikic@example.loc, password = 12345678, repeated password =  is KP\SOLID\UseCase\Core\SignUpUseCaseInput
[DEBUG][2022-11-29 22:08:46] DummyMailValidator->validate() call. Performs validation for email zika.zikic@example.loc. Endpoint = https://minfraud.maxmind.com/minfraud/v2.0/score/email/address, method = POST, header Content-Type = application/json, header Authentication: Basic a3A6a3A=, body = {"address": "zika.zikic@example.loc", "domain": "example.loc"}
[ERROR][2022-11-29 22:08:46] Sign up: passwords do not match
[ERROR][2022-11-29 22:08:46] Sign up: repeated password is not in valid format
[DEBUG][2022-11-29 22:08:53] Action KP\SOLID\Adapter\Core\SignUpAction email = zika.zikic@example.loc, password = 12345678, repeated password = 123456789 sent to controller 
[DEBUG][2022-11-29 22:08:53] Use case input created in  use case input factory from action KP\SOLID\Adapter\Core\SignUpAction email = zika.zikic@example.loc, password = 12345678, repeated password = 123456789 is KP\SOLID\UseCase\Core\SignUpUseCaseInput
[DEBUG][2022-11-29 22:08:53] DummyMailValidator->validate() call. Performs validation for email zika.zikic@example.loc. Endpoint = https://minfraud.maxmind.com/minfraud/v2.0/score/email/address, method = POST, header Content-Type = application/json, header Authentication: Basic a3A6a3A=, body = {"address": "zika.zikic@example.loc", "domain": "example.loc"}
[ERROR][2022-11-29 22:08:53] Sign up: passwords do not match
[DEBUG][2022-11-29 22:08:56] Action KP\SOLID\Adapter\Core\SignUpAction email = zika.zikic@example.loc, password = 12345678, repeated password = 12345678 sent to controller 
[DEBUG][2022-11-29 22:08:56] Use case input created in  use case input factory from action KP\SOLID\Adapter\Core\SignUpAction email = zika.zikic@example.loc, password = 12345678, repeated password = 12345678 is KP\SOLID\UseCase\Core\SignUpUseCaseInput
[DEBUG][2022-11-29 22:08:56] DummyMailValidator->validate() call. Performs validation for email zika.zikic@example.loc. Endpoint = https://minfraud.maxmind.com/minfraud/v2.0/score/email/address, method = POST, header Content-Type = application/json, header Authentication: Basic a3A6a3A=, body = {"address": "zika.zikic@example.loc", "domain": "example.loc"}
[DEBUG][2022-11-29 22:08:56] DummyMailer->send() call. Example of 'mail' function call: mail('zika.zikic@example.loc', 'Dobro dosli', 'Dobro dosli na nas sajt. Potrebno je samo da potvrdite email adresu ...', ['From' => 'adm@kupujemprodajem.com'])
[DEBUG][2022-11-29 22:08:58] Action KP\SOLID\Adapter\Core\SignUpAction email = zika.zikic@example.loc, password = 12345678, repeated password = 12345678 sent to controller 
[DEBUG][2022-11-29 22:08:58] Use case input created in  use case input factory from action KP\SOLID\Adapter\Core\SignUpAction email = zika.zikic@example.loc, password = 12345678, repeated password = 12345678 is KP\SOLID\UseCase\Core\SignUpUseCaseInput
[DEBUG][2022-11-29 22:08:58] DummyMailValidator->validate() call. Performs validation for email zika.zikic@example.loc. Endpoint = https://minfraud.maxmind.com/minfraud/v2.0/score/email/address, method = POST, header Content-Type = application/json, header Authentication: Basic a3A6a3A=, body = {"address": "zika.zikic@example.loc", "domain": "example.loc"}
[ERROR][2022-11-29 22:08:58] Sign up: user with specified mail already exists
[DEBUG][2022-11-29 22:09:04] Action KP\SOLID\Adapter\Core\SignUpAction email = zika.zikic@google.com, password = 12345678, repeated password = 12345678 sent to controller 
[DEBUG][2022-11-29 22:09:04] Use case input created in  use case input factory from action KP\SOLID\Adapter\Core\SignUpAction email = zika.zikic@google.com, password = 12345678, repeated password = 12345678 is KP\SOLID\UseCase\Core\SignUpUseCaseInput
[DEBUG][2022-11-29 22:09:04] DummyMailValidator->validate() call. Performs validation for email zika.zikic@google.com. Endpoint = https://minfraud.maxmind.com/minfraud/v2.0/score/email/address, method = POST, header Content-Type = application/json, header Authentication: Basic a3A6a3A=, body = {"address": "zika.zikic@google.com", "domain": "google.com"}
[DEBUG][2022-11-29 22:09:04] DummyMailer->send() call. Example of 'mail' function call: mail('zika.zikic@google.com', 'Dobro dosli', 'Dobro dosli na nas sajt. Potrebno je samo da potvrdite email adresu ...', ['From' => 'adm@kupujemprodajem.com'])
[DEBUG][2022-11-29 22:09:08] Action KP\SOLID\Adapter\Core\SignUpAction email = zika.zikic@google.com, password = 12345678, repeated password = 12345678 sent to controller 
[DEBUG][2022-11-29 22:09:08] Use case input created in  use case input factory from action KP\SOLID\Adapter\Core\SignUpAction email = zika.zikic@google.com, password = 12345678, repeated password = 12345678 is KP\SOLID\UseCase\Core\SignUpUseCaseInput
[DEBUG][2022-11-29 22:09:08] DummyMailValidator->validate() call. Performs validation for email zika.zikic@google.com. Endpoint = https://minfraud.maxmind.com/minfraud/v2.0/score/email/address, method = POST, header Content-Type = application/json, header Authentication: Basic a3A6a3A=, body = {"address": "zika.zikic@google.com", "domain": "google.com"}
[ERROR][2022-11-29 22:09:08] Sign up: user with specified mail already exists
[ERROR][2022-11-29 22:10:07] password parameter not defined
[ERROR][2022-11-29 22:10:07] Stack trace:
#0 C:\wamp64\www\solid\src\Infra\App\App.php(28): KP\SOLID\Infra\App\HttpXmlApiRequestActionLoader->create()
#1 C:\wamp64\www\solid\src\xml.php(21): KP\SOLID\Infra\App\App->execute()
#2 C:\wamp64\www\solid\index.php(6): require_once('C:\\wamp64\\www\\s...')
#3 {main}
[DEBUG][2022-11-29 22:11:04] Action KP\SOLID\Adapter\Core\SignUpAction email = zika.zikic@google.com, password = 12345678, repeated password = 123456789 sent to controller 
[DEBUG][2022-11-29 22:11:04] Use case input created in  use case input factory from action KP\SOLID\Adapter\Core\SignUpAction email = zika.zikic@google.com, password = 12345678, repeated password = 123456789 is KP\SOLID\UseCase\Core\SignUpUseCaseInput
[DEBUG][2022-11-29 22:11:04] DummyMailValidator->validate() call. Performs validation for email zika.zikic@google.com. Endpoint = https://minfraud.maxmind.com/minfraud/v2.0/score/email/address, method = POST, header Content-Type = application/json, header Authentication: Basic a3A6a3A=, body = {"address": "zika.zikic@google.com", "domain": "google.com"}
[ERROR][2022-11-29 22:11:04] Sign up: passwords do not match
[DEBUG][2022-11-29 22:11:11] Action KP\SOLID\Adapter\Core\SignUpAction email = zika.zikic@google.com, password = 123, repeated password = 123456789 sent to controller 
[DEBUG][2022-11-29 22:11:11] Use case input created in  use case input factory from action KP\SOLID\Adapter\Core\SignUpAction email = zika.zikic@google.com, password = 123, repeated password = 123456789 is KP\SOLID\UseCase\Core\SignUpUseCaseInput
[DEBUG][2022-11-29 22:11:11] DummyMailValidator->validate() call. Performs validation for email zika.zikic@google.com. Endpoint = https://minfraud.maxmind.com/minfraud/v2.0/score/email/address, method = POST, header Content-Type = application/json, header Authentication: Basic a3A6a3A=, body = {"address": "zika.zikic@google.com", "domain": "google.com"}
[ERROR][2022-11-29 22:11:11] Sign up: passwords do not match
[ERROR][2022-11-29 22:11:11] Sign up: password is not in valid format
[DEBUG][2022-11-29 22:11:18] Action KP\SOLID\Adapter\Core\SignUpAction email = zika.zikic@google.com, password = 12345678, repeated password = 123456 sent to controller 
[DEBUG][2022-11-29 22:11:18] Use case input created in  use case input factory from action KP\SOLID\Adapter\Core\SignUpAction email = zika.zikic@google.com, password = 12345678, repeated password = 123456 is KP\SOLID\UseCase\Core\SignUpUseCaseInput
[DEBUG][2022-11-29 22:11:18] DummyMailValidator->validate() call. Performs validation for email zika.zikic@google.com. Endpoint = https://minfraud.maxmind.com/minfraud/v2.0/score/email/address, method = POST, header Content-Type = application/json, header Authentication: Basic a3A6a3A=, body = {"address": "zika.zikic@google.com", "domain": "google.com"}
[ERROR][2022-11-29 22:11:18] Sign up: passwords do not match
[ERROR][2022-11-29 22:11:18] Sign up: repeated password is not in valid format
[DEBUG][2022-11-29 22:11:33] Action KP\SOLID\Adapter\Core\SignUpAction email = zika.zikic, password = 12345678, repeated password = 12345678 sent to controller 
[DEBUG][2022-11-29 22:11:33] Use case input created in  use case input factory from action KP\SOLID\Adapter\Core\SignUpAction email = zika.zikic, password = 12345678, repeated password = 12345678 is KP\SOLID\UseCase\Core\SignUpUseCaseInput
[ERROR][2022-11-29 22:11:33] Sign up: email zika.zikic is not in valid format
[DEBUG][2022-11-29 22:11:33] DummyMailValidator->validate() call. Performs validation for email zika.zikic. Endpoint = https://minfraud.maxmind.com/minfraud/v2.0/score/email/address, method = POST, header Content-Type = application/json, header Authentication: Basic a3A6a3A=, body = {"address": "zika.zikic", "domain": ""}
[DEBUG][2022-11-29 22:11:45] Action KP\SOLID\Adapter\Core\SignUpAction email = zika.zikic@example.loc, password = 12345678, repeated password = 12345678 sent to controller 
[DEBUG][2022-11-29 22:11:45] Use case input created in  use case input factory from action KP\SOLID\Adapter\Core\SignUpAction email = zika.zikic@example.loc, password = 12345678, repeated password = 12345678 is KP\SOLID\UseCase\Core\SignUpUseCaseInput
[DEBUG][2022-11-29 22:11:45] DummyMailValidator->validate() call. Performs validation for email zika.zikic@example.loc. Endpoint = https://minfraud.maxmind.com/minfraud/v2.0/score/email/address, method = POST, header Content-Type = application/json, header Authentication: Basic a3A6a3A=, body = {"address": "zika.zikic@example.loc", "domain": "example.loc"}
[DEBUG][2022-11-29 22:11:45] DummyMailer->send() call. Example of 'mail' function call: mail('zika.zikic@example.loc', 'Dobro dosli', 'Dobro dosli na nas sajt. Potrebno je samo da potvrdite email adresu ...', ['From' => 'adm@kupujemprodajem.com'])
[DEBUG][2022-11-29 22:11:48] Action KP\SOLID\Adapter\Core\SignUpAction email = zika.zikic@example.loc, password = 12345678, repeated password = 12345678 sent to controller 
[DEBUG][2022-11-29 22:11:48] Use case input created in  use case input factory from action KP\SOLID\Adapter\Core\SignUpAction email = zika.zikic@example.loc, password = 12345678, repeated password = 12345678 is KP\SOLID\UseCase\Core\SignUpUseCaseInput
[DEBUG][2022-11-29 22:11:48] DummyMailValidator->validate() call. Performs validation for email zika.zikic@example.loc. Endpoint = https://minfraud.maxmind.com/minfraud/v2.0/score/email/address, method = POST, header Content-Type = application/json, header Authentication: Basic a3A6a3A=, body = {"address": "zika.zikic@example.loc", "domain": "example.loc"}
[ERROR][2022-11-29 22:11:48] Sign up: user with specified mail already exists
